\BOOKMARK [1][-]{section.0}{\376\377\000C\000o\000n\000t\000a\000t\000t\000i\000\040\000e\000\040\000i\000n\000f\000o\000r\000m\000a\000z\000i\000o\000n\000i}{}% 1
\BOOKMARK [1][-]{section.1}{\376\377\000I\000n\000t\000r\000o\000d\000u\000z\000i\000o\000n\000e\000\040\000/\000\040\000R\000i\000p\000a\000s\000s\000o\000\040\000d\000i\000\040\000B\000r\000e\000s\000s\000a\000n}{}% 2
\BOOKMARK [2][-]{subsection.1.1}{\376\377\000D\000e\000f\000i\000n\000i\000z\000i\000o\000n\000i\000\040\000d\000i\000\040\000p\000r\000o\000b\000a\000b\000i\000l\000i\000t\000\340}{section.1}% 3
\BOOKMARK [2][-]{subsection.1.2}{\376\377\000D\000e\000f\000i\000n\000i\000z\000i\000o\000n\000e\000\040\000a\000s\000s\000i\000o\000m\000a\000t\000i\000c\000a\000\040\000d\000i\000\040\000p\000r\000o\000b\000a\000b\000i\000l\000i\000t\000\340}{section.1}% 4
\BOOKMARK [2][-]{subsection.1.3}{\376\377\000P\000r\000o\000p\000r\000i\000e\000t\000\340\000\040\000d\000e\000l\000l\000a\000\040\000m\000i\000s\000u\000r\000a\000\040\000d\000i\000\040\000p\000r\000o\000b\000a\000b\000i\000l\000i\000t\000\340}{section.1}% 5
\BOOKMARK [3][-]{subsubsection.1.3.1}{\376\377\000P\000r\000o\000b\000a\000b\000i\000l\000i\000t\000\340\000\040\000c\000o\000n\000d\000i\000z\000i\000o\000n\000a\000t\000a}{subsection.1.3}% 6
\BOOKMARK [3][-]{subsubsection.1.3.2}{\376\377\000P\000r\000o\000b\000a\000b\000i\000l\000i\000t\000\340\000\040\000d\000e\000l\000l\000e\000\040\000c\000a\000u\000s\000e}{subsection.1.3}% 7
\BOOKMARK [2][-]{subsection.1.4}{\376\377\000T\000e\000o\000r\000e\000m\000a\000\040\000d\000i\000\040\000B\000a\000y\000e\000s\000\040}{section.1}% 8
\BOOKMARK [2][-]{subsection.1.5}{\376\377\000I\000n\000d\000i\000p\000e\000n\000d\000e\000n\000z\000a}{section.1}% 9
\BOOKMARK [2][-]{subsection.1.6}{\376\377\000C\000e\000n\000n\000i\000\040\000d\000i\000\040\000c\000a\000l\000c\000o\000l\000o\000\040\000c\000o\000m\000b\000i\000n\000a\000t\000o\000r\000i\000o\000\040\000e\000\040\000f\000a\000t\000t\000o\000r\000i\000a\000l\000e}{section.1}% 10
\BOOKMARK [2][-]{subsection.1.7}{\376\377\000V\000a\000r\000i\000a\000b\000i\000l\000i\000\040\000c\000a\000s\000u\000a\000l\000i\000\040\000e\000\040\000f\000u\000n\000z\000i\000o\000n\000e\000\040\000d\000i\000\040\000r\000i\000p\000a\000r\000t\000i\000z\000i\000o\000n\000e}{section.1}% 11
\BOOKMARK [3][-]{subsubsection.1.7.1}{\376\377\000F\000u\000n\000z\000i\000o\000n\000e\000\040\000d\000i\000\040\000r\000i\000p\000a\000r\000t\000i\000z\000i\000o\000n\000e}{subsection.1.7}% 12
\BOOKMARK [2][-]{subsection.1.8}{\376\377\000D\000e\000n\000s\000i\000t\000\340\000\040\000d\000i\000\040\000p\000r\000o\000b\000a\000b\000i\000i\000t\000\340}{section.1}% 13
\BOOKMARK [3][-]{subsubsection.1.8.1}{\376\377\000P\000r\000o\000p\000r\000i\000e\000t\000\340\000\040\000d\000e\000l\000l\000a\000\040\000f\000u\000n\000z\000i\000o\000n\000e\000\040\000d\000e\000n\000s\000i\000t\000\340\000\040\000d\000i\000\040\000p\000r\000o\000b\000a\000b\000i\000l\000i\000t\000\340}{subsection.1.8}% 14
\BOOKMARK [1][-]{section.2}{\376\377\000I\000n\000t\000r\000o\000d\000u\000z\000i\000o\000n\000e\000\040\000e\000\040\000S\000t\000a\000t\000i\000s\000t\000i\000c\000a}{}% 15
\BOOKMARK [2][-]{subsubsection.2.0.1}{\376\377\000S\000c\000a\000t\000t\000e\000r\000\040\000P\000l\000o\000t\000\040\000e\000d\000\040\000E\000r\000r\000o\000r\000i}{section.2}% 16
\BOOKMARK [3][-]{subsubsection.2.0.2}{\376\377\000I\000s\000t\000o\000g\000r\000a\000m\000m\000a}{subsubsection.2.0.1}% 17
\BOOKMARK [2][-]{subsection.2.1}{\376\377\000G\000r\000a\000n\000d\000e\000z\000z\000e\000\040\000S\000t\000a\000t\000i\000s\000t\000i\000c\000h\000e\000:\000\040\000M\000e\000d\000i\000a\000\040\000e\000\040\000V\000a\000r\000i\000a\000n\000z\000a}{section.2}% 18
\BOOKMARK [3][-]{subsubsection.2.1.1}{\376\377\000P\000a\000r\000t\000e\000\040\000d\000i\000\040\000B\000r\000e\000s\000s\000a\000n\000:\000\040\000V\000a\000l\000o\000r\000e\000\040\000d\000i\000\040\000A\000s\000p\000e\000t\000t\000a\000z\000i\000o\000n\000e}{subsection.2.1}% 19
\BOOKMARK [3][-]{subsubsection.2.1.2}{\376\377\000M\000e\000d\000i\000a\000\040\000A\000r\000i\000t\000m\000e\000t\000i\000c\000a}{subsection.2.1}% 20
\BOOKMARK [3][-]{subsubsection.2.1.3}{\376\377\000P\000a\000r\000t\000e\000\040\000d\000i\000\040\000B\000r\000e\000s\000s\000a\000n\000:\000\040\000V\000a\000r\000i\000a\000n\000z\000a\000\040\000e\000\040\000D\000e\000v\000i\000a\000z\000i\000o\000n\000e\000\040\000S\000t\000a\000n\000d\000a\000r\000d}{subsection.2.1}% 21
\BOOKMARK [3][-]{subsubsection.2.1.4}{\376\377\000D\000e\000v\000i\000a\000z\000i\000o\000n\000e\000\040\000S\000t\000a\000n\000d\000a\000r\000d\000\040\000e\000\040\000c\000o\000r\000r\000e\000z\000i\000o\000n\000e\000\040\000d\000i\000\040\000B\000e\000s\000s\000e\000l}{subsection.2.1}% 22
\BOOKMARK [2][-]{subsection.2.2}{\376\377\000P\000r\000o\000p\000a\000g\000a\000z\000i\000o\000n\000e\000\040\000d\000e\000g\000l\000i\000\040\000E\000r\000r\000o\000r\000i}{section.2}% 23
\BOOKMARK [3][-]{subsubsection.2.2.1}{\376\377\000P\000a\000r\000t\000e\000\040\000d\000i\000\040\000B\000r\000e\000s\000s\000a\000n\000:\000\040\000E\000r\000r\000o\000r\000e\000\040\000d\000i\000\040\000s\000e\000n\000s\000i\000b\000i\000l\000i\000t\000\340\000\040\000e\000\040\000d\000i\000s\000t\000r\000i\000b\000u\000z\000i\000o\000n\000e\000\040\000u\000n\000i\000f\000o\000r\000m\000e}{subsection.2.2}% 24
\BOOKMARK [2][-]{subsection.2.3}{\376\377\000E\000r\000r\000o\000r\000e\000\040\000d\000i\000\040\000S\000e\000n\000s\000i\000b\000i\000l\000i\000t\000\340\000\040\000e\000\040\000D\000i\000s\000t\000r\000i\000b\000u\000z\000i\000o\000n\000e\000\040\000U\000n\000i\000f\000o\000r\000m\000e}{section.2}% 25
\BOOKMARK [1][-]{section.3}{\376\377\000M\000e\000t\000o\000d\000o\000\040\000d\000e\000i\000\040\000M\000i\000n\000i\000m\000i\000\040\000Q\000u\000a\000d\000r\000a\000t\000i}{}% 26
\BOOKMARK [2][-]{subsubsection.3.0.1}{\376\377\000P\000a\000r\000t\000e\000\040\000d\000i\000\040\000B\000r\000e\000s\000s\000a\000n\000:\000\040\000M\000e\000t\000o\000d\000o\000\040\000d\000e\000i\000\040\000M\000i\000n\000i\000m\000i\000\040\000Q\000u\000a\000d\000r\000a\000t\000i}{section.3}% 27
\BOOKMARK [2][-]{subsection.3.1}{\376\377\000I\000l\000\040\000P\000r\000i\000n\000c\000i\000p\000i\000o}{section.3}% 28
\BOOKMARK [3][-]{subsubsection.3.1.1}{\376\377\000P\000a\000r\000t\000e\000\040\000d\000i\000\040\000B\000r\000e\000s\000s\000a\000n\000:\000\040\000F\000i\000t\000\040\000d\000i\000\040\000u\000n\000a\000\040\000r\000e\000t\000t\000a\000\040\000\050\000R\000e\000g\000r\000e\000s\000s\000i\000o\000n\000e\000\040\000L\000i\000n\000e\000a\000r\000e\000\051}{subsection.3.1}% 29
\BOOKMARK [2][-]{subsection.3.2}{\376\377\000F\000i\000t\000\040\000L\000i\000n\000e\000a\000r\000e\000\040\000\050\000y\000\040\000=\000\040\000m\000x\000\040\000+\000\040\000q\000\051}{section.3}% 30
\BOOKMARK [3][-]{subsubsection.3.2.1}{\376\377\000P\000a\000r\000t\000e\000\040\000d\000i\000\040\000B\000r\000e\000s\000s\000a\000n\000:\000\040\000C\000a\000s\000o\000\040\000n\000o\000n\000\040\000l\000i\000n\000e\000a\000r\000e}{subsection.3.2}% 31
\BOOKMARK [2][-]{subsection.3.3}{\376\377\000C\000a\000s\000o\000\040\000N\000o\000n\000\040\000L\000i\000n\000e\000a\000r\000e\000\040\000e\000\040\000L\000i\000n\000e\000a\000r\000i\000z\000z\000a\000z\000i\000o\000n\000e}{section.3}% 32
\BOOKMARK [1][-]{section.4}{\376\377\000M\000o\000m\000e\000n\000t\000i\000\040\000e\000\040\000D\000i\000s\000t\000r\000i\000b\000u\000z\000i\000o\000n\000i}{}% 33
\BOOKMARK [2][-]{subsection.4.1}{\376\377\000M\000o\000m\000e\000n\000t\000i\000\040\000d\000e\000l\000l\000a\000\040\000f\000u\000n\000z\000i\000o\000n\000e\000\040\000d\000i\000\040\000d\000i\000s\000t\000r\000i\000b\000u\000z\000i\000o\000n\000e}{section.4}% 34
\BOOKMARK [2][-]{subsection.4.2}{\376\377\000D\000i\000s\000t\000r\000i\000b\000u\000z\000i\000o\000n\000e\000\040\000u\000n\000i\000f\000o\000r\000m\000e\000\040\000d\000i\000s\000c\000r\000e\000t\000a}{section.4}% 35
\BOOKMARK [2][-]{subsection.4.3}{\376\377\000D\000i\000s\000t\000r\000i\000b\000u\000z\000i\000o\000n\000e\000\040\000u\000n\000i\000f\000o\000r\000m\000e\000\040\000c\000o\000n\000t\000i\000n\000u\000a}{section.4}% 36
\BOOKMARK [2][-]{subsection.4.4}{\376\377\000D\000i\000s\000t\000r\000i\000b\000u\000z\000i\000o\000n\000e\000\040\000b\000i\000n\000o\000m\000i\000a\000l\000e\000\040\000o\000\040\000d\000i\000\040\000B\000e\000r\000n\000o\000u\000l\000l\000i}{section.4}% 37
\BOOKMARK [3][-]{subsubsection.4.4.1}{\376\377\000P\000r\000o\000p\000r\000i\000e\000t\000\340\000\040\000d\000e\000l\000l\000a\000\040\000d\000i\000s\000t\000r\000i\000b\000u\000z\000i\000o\000n\000e\000\040\000b\000i\000n\000o\000m\000i\000a\000l\000e}{subsection.4.4}% 38
\BOOKMARK [3][-]{subsubsection.4.4.2}{\376\377\000F\000u\000n\000z\000i\000o\000n\000e\000\040\000g\000e\000n\000e\000r\000a\000t\000r\000i\000c\000e\000\040\000d\000e\000i\000\040\000m\000o\000m\000e\000n\000t\000i\000\040\000d\000e\000l\000l\000a\000\040\000B\000i\000n\000o\000m\000i\000a\000l\000e}{subsection.4.4}% 39
\BOOKMARK [1][-]{section.5}{\376\377\000C\000o\000d\000i\000c\000e\000\040\000p\000y\000t\000h\000o\000n\000\040\000e\000\040\000D\000i\000s\000t\000r\000i\000b\000u\000i\000z\000i\000o\000n\000e\000\040\000d\000i\000\040\000P\000o\000i\000s\000s\000o\000n}{}% 40
\BOOKMARK [2][-]{subsection.5.1}{\376\377\000E\000s\000e\000m\000p\000i\000\040\000P\000y\000t\000h\000o\000n\000:\000\040\000L\000a\000\040\000D\000i\000s\000t\000r\000i\000b\000u\000z\000i\000o\000n\000e\000\040\000B\000i\000n\000o\000m\000i\000a\000l\000e}{section.5}% 41
\BOOKMARK [3][-]{subsubsection.5.1.1}{\376\377\000P\000a\000r\000t\000e\000\040\000d\000i\000\040\000B\000r\000e\000s\000s\000a\000n\000:\000\040\000D\000i\000s\000t\000r\000i\000b\000u\000z\000i\000o\000n\000e\000\040\000d\000i\000\040\000P\000o\000i\000s\000s\000o\000n}{subsection.5.1}% 42
\BOOKMARK [2][-]{subsection.5.2}{\376\377\000C\000o\000n\000f\000r\000o\000n\000t\000o\000:\000\040\000P\000o\000i\000s\000s\000o\000n\000\040\000v\000s\000\040\000B\000i\000n\000o\000m\000i\000a\000l\000e}{section.5}% 43
\BOOKMARK [2][-]{subsection.5.3}{\376\377\000C\000a\000l\000c\000o\000l\000o\000\040\000d\000e\000i\000\040\000M\000o\000m\000e\000n\000t\000i\000\040\000t\000r\000a\000m\000i\000t\000e\000\040\000l\000a\000\040\000F\000u\000n\000z\000i\000o\000n\000e\000\040\000G\000e\000n\000e\000r\000a\000t\000r\000i\000c\000e\000\040\000d\000e\000i\000\040\000M\000o\000m\000e\000n\000t\000i}{section.5}% 44
\BOOKMARK [3][-]{subsubsection.5.3.1}{\376\377\000C\000a\000l\000c\000o\000l\000o\000\040\000d\000i\000\040\000M\000e\000d\000i\000a\000\040\000e\000\040\000V\000a\000r\000i\000a\000n\000z\000a}{subsection.5.3}% 45
\BOOKMARK [2][-]{subsection.5.4}{\376\377\000R\000e\000l\000a\000z\000i\000o\000n\000e\000\040\000c\000o\000n\000\040\000l\000a\000\040\000B\000i\000n\000o\000m\000i\000a\000l\000e\000\040\000e\000\040\000S\000o\000m\000m\000a\000\040\000d\000i\000\040\000V\000a\000r\000i\000a\000b\000i\000l\000i}{section.5}% 46
\BOOKMARK [3][-]{subsubsection.5.4.1}{\376\377\000L\000i\000m\000i\000t\000e\000\040\000d\000e\000l\000l\000a\000\040\000F\000u\000n\000z\000i\000o\000n\000e\000\040\000G\000e\000n\000e\000r\000a\000t\000r\000i\000c\000e\000\040\000d\000e\000i\000\040\000M\000o\000m\000e\000n\000t\000i\000\040\000B\000i\000n\000o\000m\000i\000a\000l\000e}{subsection.5.4}% 47
\BOOKMARK [3][-]{subsubsection.5.4.2}{\376\377\000C\000o\000n\000f\000r\000o\000n\000t\000o\000\040\000d\000e\000l\000l\000e\000\040\000f\000o\000r\000m\000e\000\040\000\050\000C\000o\000d\000e\000\040\000d\000e\000l\000l\000a\000\040\000d\000i\000s\000t\000r\000i\000b\000u\000z\000i\000o\000n\000e\000\051}{subsection.5.4}% 48
\BOOKMARK [3][-]{subsubsection.5.4.3}{\376\377\000S\000o\000m\000m\000a\000\040\000d\000i\000\040\000P\000o\000i\000s\000s\000o\000n\000i\000a\000n\000e\000\040\000I\000n\000d\000i\000p\000e\000n\000d\000e\000n\000t\000i}{subsection.5.4}% 49
\BOOKMARK [2][-]{subsection.5.5}{\376\377\000E\000s\000e\000m\000p\000i\000\040\000P\000y\000t\000h\000o\000n\000:\000\040\000G\000r\000a\000f\000i\000c\000i\000\040\000e\000\040\000C\000o\000n\000f\000r\000o\000n\000t\000i}{section.5}% 50
\BOOKMARK [3][-]{subsubsection.5.5.1}{\376\377\0001\000.\000\040\000V\000i\000s\000u\000a\000l\000i\000z\000z\000a\000z\000i\000o\000n\000e\000\040\000d\000e\000l\000l\000a\000\040\000D\000i\000s\000t\000r\000i\000b\000u\000z\000i\000o\000n\000e\000\040\000B\000i\000n\000o\000m\000i\000a\000l\000e}{subsection.5.5}% 51
\BOOKMARK [3][-]{subsubsection.5.5.2}{\376\377\0002\000.\000\040\000E\000s\000e\000r\000c\000i\000z\000i\000o\000\040\000P\000o\000i\000s\000s\000o\000n\000:\000\040\000L\000a\000\040\000n\000o\000t\000t\000e\000\040\000d\000i\000\040\000S\000a\000n\000\040\000L\000o\000r\000e\000n\000z\000o}{subsection.5.5}% 52
\BOOKMARK [2][-]{subsection.5.6}{\376\377\000R\000a\000p\000p\000r\000e\000s\000e\000n\000t\000a\000z\000i\000o\000n\000e\000\040\000g\000r\000a\000f\000i\000c\000a\000\040\000d\000e\000i\000\040\000d\000a\000t\000i\000\040\000\050\000I\000s\000t\000o\000g\000r\000a\000m\000m\000i\000\051}{section.5}% 53
\BOOKMARK [1][-]{section.6}{\376\377\000?\000?\000?}{}% 54
\BOOKMARK [1][-]{section.7}{\376\377\000P\000a\000r\000t\000e\000\040\000d\000i\000\040\000B\000r\000e\000s\000s\000a\000n\000\040\000d\000a\000\040\000i\000n\000t\000e\000g\000r\000a\000r\000e\000\040\000d\000o\000p\000o}{}% 55
\BOOKMARK [2][-]{subsection.7.1}{\376\377\000D\000i\000s\000t\000r\000i\000b\000u\000z\000i\000o\000n\000e\000\040\000d\000i\000\040\000M\000a\000x\000w\000e\000l\000l\000-\000B\000o\000l\000t\000z\000m\000a\000n\000n}{section.7}% 56
\BOOKMARK [1][-]{section.8}{\376\377\000F\000u\000n\000z\000i\000o\000n\000e\000\040\000d\000i\000\040\000d\000i\000s\000t\000r\000i\000b\000u\000z\000i\000o\000n\000e\000\040\000d\000i\000\040\000G\000a\000u\000s\000s}{}% 57
\BOOKMARK [2][-]{subsection.8.1}{\376\377\000E\000s\000e\000m\000p\000i\000o\000\040\000d\000i\000\040\000d\000i\000s\000t\000i\000r\000b\000u\000z\000i\000o\000n\000e\000\040\000d\000i\000\040\000G\000a\000u\000s\000s}{section.8}% 58
\BOOKMARK [2][-]{subsection.8.2}{\376\377\000D\000i\000m\000o\000s\000t\000r\000a\000z\000i\000o\000n\000e\000\040\000E\000u\000r\000i\000a\000t\000i\000c\000a}{section.8}% 59
\BOOKMARK [1][-]{section.9}{\376\377\000F\000u\000n\000z\000i\000o\000n\000e\000\040\000d\000i\000\040\000d\000i\000s\000t\000r\000i\000b\000u\000z\000i\000o\000n\000e\000\040\000p\000e\000r\000\040\000v\000a\000r\000i\000a\000b\000i\000l\000i\000\040\000c\000a\000s\000u\000a\000l\000i}{}% 60
\BOOKMARK [1][-]{section.10}{\376\377\000F\000u\000n\000z\000i\000o\000n\000e\000\040\000d\000i\000\040\000d\000i\000s\000t\000r\000i\000b\000u\000z\000i\000o\000n\000e\000\040\000c\000o\000n\000g\000i\000u\000n\000t\000a}{}% 61
\BOOKMARK [2][-]{subsection.10.1}{\376\377\000S\000t\000i\000m\000a\000\040\000d\000e\000i\000\040\000p\000a\000r\000a\000m\000e\000t\000r\000i}{section.10}% 62
\BOOKMARK [1][-]{section.11}{\376\377\000C\000o\000n\000f\000r\000o\000n\000t\000o\000\040\000i\000s\000t\000o\000g\000r\000a\000m\000m\000a\000/\000g\000a\000u\000s\000s\000i\000a\000n\000a}{}% 63
