\BOOKMARK [1][-]{section.0.1}{\376\377\000R\000a\000p\000p\000r\000e\000s\000e\000n\000t\000a\000z\000i\000o\000n\000e\000\040\000g\000r\000a\000f\000i\000c\000a\000\040\000e\000\040\000G\000r\000a\000n\000d\000e\000z\000z\000e\000\040\000S\000t\000a\000t\000i\000s\000t\000i\000c\000h\000e}{}% 1
\BOOKMARK [2][-]{subsection.0.1.1}{\376\377\000M\000e\000t\000o\000d\000o\000\040\000d\000e\000i\000\040\000M\000i\000n\000i\000m\000i\000\040\000Q\000u\000a\000d\000r\000a\000t\000i}{section.0.1}% 2
\BOOKMARK [1][-]{section.0.2}{\376\377\000M\000o\000m\000e\000n\000t\000i\000\040\000e\000\040\000D\000i\000s\000t\000r\000i\000b\000u\000z\000i\000o\000n\000i}{}% 3
\BOOKMARK [2][-]{subsection.0.2.1}{\376\377\000M\000o\000m\000e\000n\000t\000i\000\040\000d\000e\000l\000l\000a\000\040\000f\000u\000n\000z\000i\000o\000n\000e\000\040\000d\000i\000\040\000d\000i\000s\000t\000r\000i\000b\000u\000z\000i\000o\000n\000e}{section.0.2}% 4
\BOOKMARK [2][-]{subsection.0.2.2}{\376\377\000D\000i\000s\000t\000r\000i\000b\000u\000z\000i\000o\000n\000i\000\040\000U\000n\000i\000f\000o\000r\000m\000i\000\040\000e\000\040\000F\000u\000n\000z\000i\000o\000n\000e\000\040\000G\000e\000n\000e\000r\000a\000t\000r\000i\000c\000e\000\040\000e\000\040\000C\000a\000r\000a\000t\000t\000e\000r\000i\000s\000t\000i\000c\000a}{section.0.2}% 5
\BOOKMARK [2][-]{subsection.0.2.3}{\376\377\000D\000i\000s\000t\000r\000i\000b\000u\000z\000i\000o\000n\000e\000\040\000B\000i\000n\000o\000m\000i\000a\000l\000e\000\040\000e\000\040\000A\000p\000p\000r\000o\000s\000s\000i\000m\000a\000z\000i\000o\000n\000i}{section.0.2}% 6
\BOOKMARK [1][-]{section.0.3}{\376\377\000D\000i\000s\000t\000r\000i\000b\000u\000i\000z\000i\000o\000n\000e\000\040\000d\000i\000\040\000P\000o\000i\000s\000s\000o\000n\000\040\000e\000\040\000A\000p\000p\000r\000o\000s\000i\000m\000a\000z\000i\000o\000n\000i}{}% 7
\BOOKMARK [1][-]{section.0.4}{\376\377\000L\000a\000\040\000D\000i\000s\000t\000r\000i\000b\000u\000z\000i\000o\000n\000e\000\040\000N\000o\000r\000m\000a\000l\000e}{}% 8
\BOOKMARK [1][-]{section.0.5}{\376\377\000T\000e\000o\000r\000e\000m\000a\000\040\000d\000e\000l\000\040\000L\000i\000m\000i\000t\000e\000\040\000C\000e\000n\000t\000r\000a\000l\000e}{}% 9
\BOOKMARK [2][-]{subsection.0.5.1}{\376\377\000G\000e\000n\000e\000r\000a\000z\000i\000o\000n\000e\000\040\000d\000i\000\040\000N\000u\000m\000e\000r\000i\000\040\000C\000a\000s\000u\000a\000l\000i\000\040\000N\000o\000r\000m\000a\000l\000i}{section.0.5}% 10
\BOOKMARK [2][-]{subsection.0.5.2}{\376\377\000L\000a\000\040\000T\000r\000a\000s\000f\000o\000r\000m\000a\000z\000i\000o\000n\000e\000\040\000d\000i\000\040\000B\000o\000x\000-\000M\000u\000l\000l\000e\000r}{section.0.5}% 11
\BOOKMARK [1][-]{section.0.6}{\376\377\000D\000i\000s\000t\000r\000i\000b\000u\000z\000i\000o\000n\000e\000\040\000d\000i\000\040\000C\000a\000u\000c\000h\000y\000\040\000e\000\040\000L\000e\000g\000g\000e\000\040\000d\000e\000i\000\040\000g\000r\000a\000n\000d\000i\000\040\000n\000u\000m\000e\000r\000i}{}% 12
\BOOKMARK [2][-]{subsection.0.6.1}{\376\377\000D\000i\000s\000t\000r\000i\000b\000u\000z\000i\000o\000n\000e\000\040\000d\000i\000\040\000C\000a\000u\000c\000h\000y\000\040\000c\000o\000m\000e\000\040\000r\000a\000p\000p\000o\000r\000t\000o\000\040\000d\000i\000\040\000d\000u\000e\000\040\000n\000o\000r\000m\000a\000l\000i\000\040\000s\000t\000a\000n\000d\000a\000r\000d}{section.0.6}% 13
\BOOKMARK [2][-]{subsection.0.6.2}{\376\377\000L\000e\000g\000g\000e\000\040\000d\000e\000i\000\040\000g\000r\000a\000n\000d\000i\000\040\000n\000u\000m\000e\000r\000i}{section.0.6}% 14
\BOOKMARK [1][-]{section.0.7}{\376\377\000P\000r\000o\000c\000e\000s\000s\000i\000\040\000d\000i\000\040\000P\000o\000i\000s\000s\000o\000n\000,\000\040\000E\000s\000p\000o\000n\000e\000n\000z\000i\000a\000l\000e\000\040\000e\000d\000\040\000E\000r\000l\000a\000n\000g}{}% 15
\BOOKMARK [2][-]{subsection.0.7.1}{\376\377\000D\000i\000s\000t\000r\000i\000b\000u\000z\000i\000o\000n\000e\000\040\000E\000s\000p\000o\000n\000e\000n\000z\000i\000a\000l\000e}{section.0.7}% 16
\BOOKMARK [2][-]{subsection.0.7.2}{\376\377\000D\000i\000s\000t\000r\000i\000b\000u\000z\000i\000o\000n\000e\000\040\000d\000i\000\040\000E\000r\000l\000a\000n\000g}{section.0.7}% 17
\BOOKMARK [1][-]{section.0.8}{\376\377\000M\000e\000t\000o\000d\000i\000\040\000M\000o\000n\000t\000e\000\040\000C\000a\000r\000l\000o}{}% 18
\BOOKMARK [2][-]{subsection.0.8.1}{\376\377\000M\000e\000t\000o\000d\000o\000\040\000A\000c\000c\000e\000p\000t\000-\000R\000e\000j\000e\000c\000t}{section.0.8}% 19
\BOOKMARK [2][-]{subsection.0.8.2}{\376\377\000M\000e\000t\000o\000d\000o\000\040\000d\000e\000l\000l\000a\000\040\000F\000u\000n\000z\000i\000o\000n\000e\000\040\000d\000i\000\040\000R\000i\000p\000a\000r\000t\000i\000z\000i\000o\000n\000e\000\040\000\050\000I\000n\000v\000e\000r\000s\000i\000o\000n\000e\000\051}{section.0.8}% 20
\BOOKMARK [1][-]{section.0.9}{\376\377\000V\000a\000r\000i\000a\000b\000i\000l\000i\000\040\000C\000a\000s\000u\000a\000l\000i\000\040\000b\000i\000d\000i\000m\000e\000n\000s\000i\000o\000n\000a\000l\000i}{}% 21
\BOOKMARK [2][-]{subsection.0.9.1}{\376\377\000D\000i\000s\000t\000r\000i\000b\000u\000z\000i\000o\000n\000i\000\040\000c\000o\000n\000g\000i\000u\000n\000t\000e\000,\000\040\000m\000a\000r\000g\000i\000n\000a\000l\000i\000\040\000e\000\040\000c\000o\000n\000d\000i\000z\000i\000o\000n\000a\000t\000e}{section.0.9}% 22
\BOOKMARK [2][-]{subsection.0.9.2}{\376\377\000M\000o\000m\000e\000n\000t\000i\000:\000\040\000M\000a\000t\000r\000i\000c\000e\000\040\000d\000e\000l\000l\000e\000\040\000C\000o\000v\000a\000r\000i\000a\000n\000z\000e\000\040\000e\000\040\000C\000o\000m\000b\000i\000n\000a\000z\000i\000o\000n\000i\000\040\000L\000i\000n\000e\000a\000r\000i}{section.0.9}% 23
\BOOKMARK [2][-]{subsection.0.9.3}{\376\377\000C\000o\000e\000f\000f\000i\000c\000i\000e\000n\000t\000e\000\040\000d\000i\000\040\000c\000o\000r\000r\000e\000l\000a\000z\000i\000o\000n\000e}{section.0.9}% 24
\BOOKMARK [1][-]{section.0.10}{\376\377\000D\000i\000s\000t\000r\000i\000b\000u\000z\000i\000o\000n\000e\000\040\000n\000o\000r\000m\000a\000l\000e\000\040\000i\000n\000\040\000p\000i\000\371\000\040\000d\000i\000m\000e\000n\000s\000i\000o\000n\000i\000\040\000\050\000o\000\040\000m\000u\000l\000t\000i\000n\000o\000r\000m\000a\000l\000e\000\051}{}% 25
\BOOKMARK [1][-]{section.0.11}{\376\377\000D\000i\000s\000t\000r\000i\000b\000u\000z\000i\000o\000n\000e\000\040\000M\000u\000l\000t\000i\000-\000n\000o\000r\000m\000a\000l\000e\000\040\000\050\000V\000a\000r\000i\000a\000b\000i\000l\000i\000\040\000d\000i\000p\000e\000n\000d\000e\000n\000t\000i\000\051}{}% 26
\BOOKMARK [1][-]{section.0.12}{\376\377\000T\000e\000o\000r\000i\000a\000\040\000d\000e\000l\000l\000a\000\040\000S\000t\000i\000m\000a\000\040\000d\000e\000i\000\040\000P\000a\000r\000a\000m\000e\000t\000r\000i}{}% 27
\BOOKMARK [1][-]{section.0.13}{\376\377\000S\000t\000i\000m\000e\000,\000\040\000P\000r\000o\000p\000a\000g\000a\000z\000i\000o\000n\000e\000\040\000e\000\040\000L\000i\000k\000e\000l\000i\000h\000o\000o\000d}{}% 28
\BOOKMARK [2][-]{subsection.0.13.1}{\376\377\000D\000i\000m\000o\000s\000t\000r\000a\000z\000i\000o\000n\000e\000\040\000d\000e\000l\000l\000a\000\040\000P\000r\000o\000p\000a\000g\000a\000z\000i\000o\000n\000e\000\040\000d\000e\000g\000l\000i\000\040\000E\000r\000r\000o\000r\000i}{section.0.13}% 29
\BOOKMARK [2][-]{subsection.0.13.2}{\376\377\000M\000e\000t\000o\000d\000o\000\040\000d\000e\000l\000l\000a\000\040\000M\000a\000s\000s\000i\000m\000a\000\040\000V\000e\000r\000o\000s\000i\000m\000i\000g\000l\000i\000a\000n\000z\000a\000\040\000\050\000M\000L\000E\000\051\000,\000\040\000\050\000M\000a\000x\000i\000m\000u\000m\000\040\000L\000i\000k\000e\000l\000i\000h\000o\000o\000d\000\051}{section.0.13}% 30
\BOOKMARK [1][-]{section.0.14}{\376\377\000P\000D\000F\000\040\000G\000a\000u\000s\000s\000i\000a\000n\000e\000\040\000e\000\040\000L\000i\000m\000i\000t\000e\000\040\000d\000i\000\040\000C\000r\000a\000m\000\351\000r\000-\000R\000a\000o}{}% 31
\BOOKMARK [2][-]{subsection.0.14.1}{\376\377\000E\000f\000f\000i\000c\000i\000e\000n\000z\000a\000\040\000e\000\040\000D\000i\000s\000u\000g\000u\000a\000g\000l\000i\000a\000n\000z\000a\000\040\000d\000i\000\040\000C\000r\000a\000m\000\351\000r\000-\000R\000a\000o}{section.0.14}% 32
\BOOKMARK [1][-]{section.0.15}{\376\377\000S\000t\000i\000m\000e\000,\000\040\000B\000i\000n\000n\000e\000d\000\040\000M\000l\000\040\000e\000d\000\040\000E\000M\000L}{}% 33
\BOOKMARK [2][-]{subsection.0.15.1}{\376\377\000V\000a\000r\000i\000a\000n\000z\000a\000\040\000d\000e\000l\000l\000a\000\040\000s\000t\000i\000m\000a\000\040\000e\000\040\000D\000i\000s\000u\000g\000u\000a\000g\000l\000i\000a\000n\000z\000a\000\040\000d\000i\000\040\000C\000r\000a\000m\000e\000r\000-\000R\000a\000o}{section.0.15}% 34
\BOOKMARK [2][-]{subsection.0.15.2}{\376\377\000B\000i\000n\000n\000e\000d\000\040\000M\000a\000x\000i\000m\000u\000m\000\040\000L\000i\000k\000e\000l\000i\000h\000o\000o\000d}{section.0.15}% 35
\BOOKMARK [2][-]{subsection.0.15.3}{\376\377\000E\000x\000t\000e\000n\000d\000e\000d\000\040\000M\000a\000x\000i\000m\000u\000m\000\040\000L\000i\000k\000e\000l\000i\000h\000o\000o\000d\000\040\000\050\000E\000M\000L\000\051}{section.0.15}% 36
\BOOKMARK [1][-]{section.0.16}{\376\377\000D\000a\000l\000\040\000M\000e\000t\000o\000d\000o\000\040\000d\000i\000\040\000M\000a\000x\000i\000m\000u\000m\000\040\000L\000i\000k\000e\000l\000i\000h\000o\000o\000d\000\040\000a\000i\000\040\000M\000i\000n\000i\000m\000i\000\040\000Q\000u\000a\000d\000r\000a\000t\000i}{}% 37
\BOOKMARK [2][-]{subsection.0.16.1}{\376\377\000C\000a\000s\000o\000\040\000d\000e\000l\000\040\000f\000i\000t\000\040\000l\000i\000n\000e\000a\000r\000e\000\040}{section.0.16}% 38
\BOOKMARK [2][-]{subsection.0.16.2}{\376\377\000C\000a\000s\000o\000\040\000\040\000c\000o\000n\000\040\000e\000r\000r\000o\000r\000i\000\040\000\040\000d\000i\000f\000f\000e\000r\000e\000n\000t\000i}{section.0.16}% 39
\BOOKMARK [1][-]{section.0.17}{\376\377\000B\000i\000n\000n\000e\000d\000\040\000C\000h\000i\000\040\000S\000q\000u\000a\000r\000e\000d}{}% 40
\BOOKMARK [2][-]{subsection.0.17.1}{\376\377\000D\000i\000s\000t\000r\000i\000b\000u\000z\000i\000o\000n\000e\000\040\000d\000e\000l\000\040\0002}{section.0.17}% 41
\BOOKMARK [1][-]{section.0.18}{\376\377\000F\000i\000t\000\040\000n\000o\000n\000\040\000l\000i\000n\000e\000a\000r\000i}{}% 42
\BOOKMARK [2][-]{subsection.0.18.1}{\376\377\000F\000i\000t\000\040\000n\000o\000n\000\040\000l\000i\000n\000e\000a\000r\000e}{section.0.18}% 43
\BOOKMARK [1][-]{section.0.19}{\376\377\000T\000e\000s\000t\000\040\000d\000i\000\040\000I\000p\000o\000t\000e\000s\000i}{}% 44
\BOOKMARK [2][-]{subsection.0.19.1}{\376\377\000T\000e\000s\000t\000\040\000d\000e\000l\000\040\0002}{section.0.19}% 45
\BOOKMARK [2][-]{subsection.0.19.2}{\376\377\000O\000v\000e\000r\000f\000i\000t\000t\000i\000n\000g\000\040\000e\000\040\000T\000e\000s\000t\000\040\000F\000\040\000\050\000M\000o\000d\000e\000l\000l\000i\000\040\000A\000n\000n\000i\000d\000a\000t\000i\000\051}{section.0.19}% 46
\BOOKMARK [2][-]{subsection.0.19.3}{\376\377\000T\000e\000s\000t\000\040\000d\000i\000\040\000K\000o\000l\000m\000o\000g\000o\000r\000o\000v\000-\000S\000m\000i\000r\000n\000o\000v}{section.0.19}% 47
\BOOKMARK [1][-]{section.0.20}{\376\377\000C\000o\000m\000p\000a\000t\000i\000b\000i\000l\000i\000t\000\340\000\040\000t\000r\000a\000\040\000d\000u\000e\000\040\000m\000i\000s\000u\000r\000e}{}% 48
\BOOKMARK [2][-]{subsection.0.20.1}{\376\377\000D\000e\000r\000i\000v\000a\000z\000i\000o\000n\000e\000\040\000d\000e\000l\000l\000a\000\040\000D\000i\000s\000t\000r\000i\000b\000u\000z\000i\000o\000n\000e\000\040\000t\000-\000S\000t\000u\000d\000e\000n\000t}{section.0.20}% 49
